# JRE version: Java(TM) SE Runtime Environment (8.0_60-b27) (build 1.8.0_60-b27)
# Java VM: Java HotSpot(TM) 64-Bit Server VM (25.60-b23 mixed mode bsd-amd64 compressed oops)
Heap:
 par new generation   total 306688K, used 306199K [0x0000000780000000, 0x0000000794cc0000, 0x0000000794cc0000)
  eden space 272640K, 100% used [0x0000000780000000, 0x0000000790a40000, 0x0000000790a40000)
  from space 34048K,  98% used [0x0000000792b80000, 0x0000000794c45d10, 0x0000000794cc0000)
  to   space 34048K,   0% used [0x0000000790a40000, 0x0000000790a40000, 0x0000000792b80000)
 concurrent mark-sweep generation total 707840K, used 707839K [0x0000000794cc0000, 0x00000007c0000000, 0x00000007c0000000)
 Metaspace       used 38744K, capacity 39109K, committed 39644K, reserved 1083392K
  class space    used 4842K, capacity 4970K, committed 5112K, reserved 1048576K
GC Heap History (10 events):
Event: 41.228 GC heap before
{Heap before GC invocations=13 (full 5):
 par new generation   total 306688K, used 306688K [0x0000000780000000, 0x0000000794cc0000, 0x0000000794cc0000)
  eden space 272640K, 100% used [0x0000000780000000, 0x0000000790a40000, 0x0000000790a40000)
  from space 34048K, 100% used [0x0000000790a40000, 0x0000000792b80000, 0x0000000792b80000)
  to   space 34048K,   0% used [0x0000000792b80000, 0x0000000792b80000, 0x0000000794cc0000)
 concurrent mark-sweep generation total 707840K, used 317590K [0x0000000794cc0000, 0x00000007c0000000, 0x00000007c0000000)
 Metaspace       used 38710K, capacity 39075K, committed 39516K, reserved 1083392K
  class space    used 4839K, capacity 4963K, committed 4984K, reserved 1048576K
Event: 43.216 GC heap after
Heap after GC invocations=14 (full 5):
 par new generation   total 306688K, used 34048K [0x0000000780000000, 0x0000000794cc0000, 0x0000000794cc0000)
  eden space 272640K,   0% used [0x0000000780000000, 0x0000000780000000, 0x0000000790a40000)
  from space 34048K, 100% used [0x0000000792b80000, 0x0000000794cc0000, 0x0000000794cc0000)
  to   space 34048K,   0% used [0x0000000790a40000, 0x0000000790a40000, 0x0000000792b80000)
 concurrent mark-sweep generation total 707840K, used 610350K [0x0000000794cc0000, 0x00000007c0000000, 0x00000007c0000000)
 Metaspace       used 38710K, capacity 39075K, committed 39516K, reserved 1083392K
  class space    used 4839K, capacity 4963K, committed 4984K, reserved 1048576K
}
Event: 44.859 GC heap before
{Heap before GC invocations=14 (full 5):
 par new generation   total 306688K, used 306688K [0x0000000780000000, 0x0000000794cc0000, 0x0000000794cc0000)
  eden space 272640K, 100% used [0x0000000780000000, 0x0000000790a40000, 0x0000000790a40000)
  from space 34048K, 100% used [0x0000000792b80000, 0x0000000794cc0000, 0x0000000794cc0000)
  to   space 34048K,   0% used [0x0000000790a40000, 0x0000000790a40000, 0x0000000792b80000)
 concurrent mark-sweep generation total 707840K, used 610350K [0x0000000794cc0000, 0x00000007c0000000, 0x00000007c0000000)
 Metaspace       used 38713K, capacity 39075K, committed 39516K, reserved 1083392K
  class space    used 4839K, capacity 4963K, committed 4984K, reserved 1048576K
Event: 52.719 GC heap after
Heap after GC invocations=15 (full 6):
 par new generation   total 306688K, used 103860K [0x0000000780000000, 0x0000000794cc0000, 0x0000000794cc0000)
  eden space 272640K,  38% used [0x0000000780000000, 0x000000078656d008, 0x0000000790a40000)
  from space 34048K,   0% used [0x0000000792b80000, 0x0000000792b80000, 0x0000000794cc0000)
  to   space 34048K,   0% used [0x0000000790a40000, 0x0000000790a40000, 0x0000000792b80000)
 concurrent mark-sweep generation total 707840K, used 707840K [0x0000000794cc0000, 0x00000007c0000000, 0x00000007c0000000)
 Metaspace       used 38713K, capacity 39075K, committed 39516K, reserved 1083392K
  class space    used 4839K, capacity 4963K, committed 4984K, reserved 1048576K
}
Event: 55.189 GC heap before
{Heap before GC invocations=15 (full 7):
 par new generation   total 306688K, used 306688K [0x0000000780000000, 0x0000000794cc0000, 0x0000000794cc0000)
  eden space 272640K, 100% used [0x0000000780000000, 0x0000000790a40000, 0x0000000790a40000)
  from space 34048K, 100% used [0x0000000792b80000, 0x0000000794cc0000, 0x0000000794cc0000)
  to   space 34048K,   0% used [0x0000000790a40000, 0x0000000790a40000, 0x0000000792b80000)
 concurrent mark-sweep generation total 707840K, used 707840K [0x0000000794cc0000, 0x00000007c0000000, 0x00000007c0000000)
 Metaspace       used 38773K, capacity 39139K, committed 39516K, reserved 1083392K
  class space    used 4847K, capacity 4963K, committed 4984K, reserved 1048576K
Event: 101.309 GC heap after
Heap after GC invocations=16 (full 8):
 par new generation   total 306688K, used 305649K [0x0000000780000000, 0x0000000794cc0000, 0x0000000794cc0000)
  eden space 272640K, 100% used [0x0000000780000000, 0x0000000790a40000, 0x0000000790a40000)
  from space 34048K,  96% used [0x0000000792b80000, 0x0000000794bbc4a8, 0x0000000794cc0000)
  to   space 34048K,   0% used [0x0000000790a40000, 0x0000000790a40000, 0x0000000792b80000)
 concurrent mark-sweep generation total 707840K, used 707839K [0x0000000794cc0000, 0x00000007c0000000, 0x00000007c0000000)
 Metaspace       used 38773K, capacity 39139K, committed 39516K, reserved 1083392K
  class space    used 4847K, capacity 4963K, committed 4984K, reserved 1048576K
}
Event: 101.941 GC heap before
{Heap before GC invocations=16 (full 8):
 par new generation   total 306688K, used 306688K [0x0000000780000000, 0x0000000794cc0000, 0x0000000794cc0000)
  eden space 272640K, 100% used [0x0000000780000000, 0x0000000790a40000, 0x0000000790a40000)
  from space 34048K, 100% used [0x0000000792b80000, 0x0000000794cc0000, 0x0000000794cc0000)
  to   space 34048K,   0% used [0x0000000790a40000, 0x0000000790a40000, 0x0000000792b80000)
 concurrent mark-sweep generation total 707840K, used 707839K [0x0000000794cc0000, 0x00000007c0000000, 0x00000007c0000000)
 Metaspace       used 38774K, capacity 39139K, committed 39516K, reserved 1083392K
  class space    used 4847K, capacity 4963K, committed 4984K, reserved 1048576K
Event: 339.262 GC heap after
Heap after GC invocations=17 (full 9):
 par new generation   total 306688K, used 305933K [0x0000000780000000, 0x0000000794cc0000, 0x0000000794cc0000)
  eden space 272640K,  99% used [0x0000000780000000, 0x0000000790a3ffe8, 0x0000000790a40000)
  from space 34048K,  97% used [0x0000000792b80000, 0x0000000794c036c8, 0x0000000794cc0000)
  to   space 34048K,   0% used [0x0000000790a40000, 0x0000000790a40000, 0x0000000792b80000)
 concurrent mark-sweep generation total 707840K, used 707839K [0x0000000794cc0000, 0x00000007c0000000, 0x00000007c0000000)
 Metaspace       used 38738K, capacity 39079K, committed 39516K, reserved 1083392K
  class space    used 4840K, capacity 4949K, committed 4984K, reserved 1048576K
}
Event: 343.084 GC heap before
{Heap before GC invocations=17 (full 10):
 par new generation   total 306688K, used 306687K [0x0000000780000000, 0x0000000794cc0000, 0x0000000794cc0000)
  eden space 272640K,  99% used [0x0000000780000000, 0x0000000790a3fff8, 0x0000000790a40000)
  from space 34048K,  99% used [0x0000000792b80000, 0x0000000794cbfff0, 0x0000000794cc0000)
  to   space 34048K,   0% used [0x0000000790a40000, 0x0000000790a40000, 0x0000000792b80000)
 concurrent mark-sweep generation total 707840K, used 707839K [0x0000000794cc0000, 0x00000007c0000000, 0x00000007c0000000)
 Metaspace       used 38750K, capacity 39079K, committed 39516K, reserved 1083392K
  class space    used 4843K, capacity 4949K, committed 4984K, reserved 1048576K
Event: 393.653 GC heap after
Heap after GC invocations=18 (full 11):
 par new generation   total 306688K, used 305657K [0x0000000780000000, 0x0000000794cc0000, 0x0000000794cc0000)
  eden space 272640K,  99% used [0x0000000780000000, 0x0000000790a3ffe0, 0x0000000790a40000)
  from space 34048K,  96% used [0x0000000792b80000, 0x0000000794bbe540, 0x0000000794cc0000)
  to   space 34048K,   0% used [0x0000000790a40000, 0x0000000790a40000, 0x0000000792b80000)
 concurrent mark-sweep generation total 707840K, used 707839K [0x0000000794cc0000, 0x00000007c0000000, 0x00000007c0000000)
 Metaspace       used 38708K, capacity 39013K, committed 39516K, reserved 1083392K
  class space    used 4836K, capacity 4938K, committed 4984K, reserved 1048576K
}

