# JRE version: Java(TM) SE Runtime Environment (8.0_60-b27) (build 1.8.0_60-b27)
# Java VM: Java HotSpot(TM) 64-Bit Server VM (25.60-b23 mixed mode bsd-amd64 compressed oops)
Heap:
 par new generation   total 306688K, used 247847K [0x0000000780000000, 0x0000000794cc0000, 0x0000000794cc0000)
  eden space 272640K,  83% used [0x0000000780000000, 0x000000078df3d108, 0x0000000790a40000)
  from space 34048K,  56% used [0x0000000792b80000, 0x0000000793e4ceb0, 0x0000000794cc0000)
  to   space 34048K,   0% used [0x0000000790a40000, 0x0000000790a40000, 0x0000000792b80000)
 concurrent mark-sweep generation total 707840K, used 48496K [0x0000000794cc0000, 0x00000007c0000000, 0x00000007c0000000)
 Metaspace       used 25869K, capacity 26130K, committed 26516K, reserved 1073152K
  class space    used 3301K, capacity 3412K, committed 3476K, reserved 1048576K
GC Heap History (8 events):
Event: 2.031 GC heap before
{Heap before GC invocations=0 (full 0):
 par new generation   total 306688K, used 54593K [0x0000000780000000, 0x0000000794cc0000, 0x0000000794cc0000)
  eden space 272640K,  20% used [0x0000000780000000, 0x0000000783550768, 0x0000000790a40000)
  from space 34048K,   0% used [0x0000000790a40000, 0x0000000790a40000, 0x0000000792b80000)
  to   space 34048K,   0% used [0x0000000792b80000, 0x0000000792b80000, 0x0000000794cc0000)
 concurrent mark-sweep generation total 707840K, used 0K [0x0000000794cc0000, 0x00000007c0000000, 0x00000007c0000000)
 Metaspace       used 10060K, capacity 10186K, committed 10240K, reserved 1058816K
  class space    used 1198K, capacity 1235K, committed 1280K, reserved 1048576K
Event: 2.061 GC heap after
Heap after GC invocations=1 (full 1):
 par new generation   total 306688K, used 0K [0x0000000780000000, 0x0000000794cc0000, 0x0000000794cc0000)
  eden space 272640K,   0% used [0x0000000780000000, 0x0000000780000000, 0x0000000790a40000)
  from space 34048K,   0% used [0x0000000790a40000, 0x0000000790a40000, 0x0000000792b80000)
  to   space 34048K,   0% used [0x0000000792b80000, 0x0000000792b80000, 0x0000000794cc0000)
 concurrent mark-sweep generation total 707840K, used 5353K [0x0000000794cc0000, 0x00000007c0000000, 0x00000007c0000000)
 Metaspace       used 10060K, capacity 10186K, committed 10240K, reserved 1058816K
  class space    used 1198K, capacity 1235K, committed 1280K, reserved 1048576K
}
Event: 6.929 GC heap before
{Heap before GC invocations=1 (full 2):
 par new generation   total 306688K, used 272640K [0x0000000780000000, 0x0000000794cc0000, 0x0000000794cc0000)
  eden space 272640K, 100% used [0x0000000780000000, 0x0000000790a40000, 0x0000000790a40000)
  from space 34048K,   0% used [0x0000000790a40000, 0x0000000790a40000, 0x0000000792b80000)
  to   space 34048K,   0% used [0x0000000792b80000, 0x0000000792b80000, 0x0000000794cc0000)
 concurrent mark-sweep generation total 707840K, used 5353K [0x0000000794cc0000, 0x00000007c0000000, 0x00000007c0000000)
 Metaspace       used 19192K, capacity 19436K, committed 19840K, reserved 1067008K
  class space    used 2272K, capacity 2355K, committed 2432K, reserved 1048576K
Event: 6.991 GC heap after
Heap after GC invocations=2 (full 2):
 par new generation   total 306688K, used 34047K [0x0000000780000000, 0x0000000794cc0000, 0x0000000794cc0000)
  eden space 272640K,   0% used [0x0000000780000000, 0x0000000780000000, 0x0000000790a40000)
  from space 34048K,  99% used [0x0000000792b80000, 0x0000000794cbfff8, 0x0000000794cc0000)
  to   space 34048K,   0% used [0x0000000790a40000, 0x0000000790a40000, 0x0000000792b80000)
 concurrent mark-sweep generation total 707840K, used 7014K [0x0000000794cc0000, 0x00000007c0000000, 0x00000007c0000000)
 Metaspace       used 19192K, capacity 19436K, committed 19840K, reserved 1067008K
  class space    used 2272K, capacity 2355K, committed 2432K, reserved 1048576K
}
Event: 8.283 GC heap before
{Heap before GC invocations=2 (full 2):
 par new generation   total 306688K, used 306687K [0x0000000780000000, 0x0000000794cc0000, 0x0000000794cc0000)
  eden space 272640K, 100% used [0x0000000780000000, 0x0000000790a40000, 0x0000000790a40000)
  from space 34048K,  99% used [0x0000000792b80000, 0x0000000794cbfff8, 0x0000000794cc0000)
  to   space 34048K,   0% used [0x0000000790a40000, 0x0000000790a40000, 0x0000000792b80000)
 concurrent mark-sweep generation total 707840K, used 7014K [0x0000000794cc0000, 0x00000007c0000000, 0x00000007c0000000)
 Metaspace       used 21655K, capacity 21970K, committed 22216K, reserved 1069056K
  class space    used 2538K, capacity 2644K, committed 2684K, reserved 1048576K
Event: 8.679 GC heap after
Heap after GC invocations=3 (full 2):
 par new generation   total 306688K, used 32210K [0x0000000780000000, 0x0000000794cc0000, 0x0000000794cc0000)
  eden space 272640K,   0% used [0x0000000780000000, 0x0000000780000000, 0x0000000790a40000)
  from space 34048K,  94% used [0x0000000790a40000, 0x00000007929b4b78, 0x0000000792b80000)
  to   space 34048K,   0% used [0x0000000792b80000, 0x0000000792b80000, 0x0000000794cc0000)
 concurrent mark-sweep generation total 707840K, used 51347K [0x0000000794cc0000, 0x00000007c0000000, 0x00000007c0000000)
 Metaspace       used 21655K, capacity 21970K, committed 22216K, reserved 1069056K
  class space    used 2538K, capacity 2644K, committed 2684K, reserved 1048576K
}
Event: 9.861 GC heap before
{Heap before GC invocations=3 (full 2):
 par new generation   total 306688K, used 304850K [0x0000000780000000, 0x0000000794cc0000, 0x0000000794cc0000)
  eden space 272640K, 100% used [0x0000000780000000, 0x0000000790a40000, 0x0000000790a40000)
  from space 34048K,  94% used [0x0000000790a40000, 0x00000007929b4b78, 0x0000000792b80000)
  to   space 34048K,   0% used [0x0000000792b80000, 0x0000000792b80000, 0x0000000794cc0000)
 concurrent mark-sweep generation total 707840K, used 48496K [0x0000000794cc0000, 0x00000007c0000000, 0x00000007c0000000)
 Metaspace       used 23677K, capacity 23954K, committed 24340K, reserved 1071104K
  class space    used 2944K, capacity 3028K, committed 3092K, reserved 1048576K
Event: 9.873 GC heap after
Heap after GC invocations=4 (full 2):
 par new generation   total 306688K, used 19251K [0x0000000780000000, 0x0000000794cc0000, 0x0000000794cc0000)
  eden space 272640K,   0% used [0x0000000780000000, 0x0000000780000000, 0x0000000790a40000)
  from space 34048K,  56% used [0x0000000792b80000, 0x0000000793e4ceb0, 0x0000000794cc0000)
  to   space 34048K,   0% used [0x0000000790a40000, 0x0000000790a40000, 0x0000000792b80000)
 concurrent mark-sweep generation total 707840K, used 48496K [0x0000000794cc0000, 0x00000007c0000000, 0x00000007c0000000)
 Metaspace       used 23677K, capacity 23954K, committed 24340K, reserved 1071104K
  class space    used 2944K, capacity 3028K, committed 3092K, reserved 1048576K
}

