# JRE version: Java(TM) SE Runtime Environment (8.0_60-b27) (build 1.8.0_60-b27)
# Java VM: Java HotSpot(TM) 64-Bit Server VM (25.60-b23 mixed mode bsd-amd64 compressed oops)
Heap:
 par new generation   total 306688K, used 241022K [0x0000000780000000, 0x0000000794cc0000, 0x0000000794cc0000)
  eden space 272640K,  82% used [0x0000000780000000, 0x000000078dad7cc8, 0x0000000790a40000)
  from space 34048K,  49% used [0x0000000792b80000, 0x0000000793c07df8, 0x0000000794cc0000)
  to   space 34048K,   0% used [0x0000000790a40000, 0x0000000790a40000, 0x0000000792b80000)
 concurrent mark-sweep generation total 707840K, used 48534K [0x0000000794cc0000, 0x00000007c0000000, 0x00000007c0000000)
 Metaspace       used 25759K, capacity 25970K, committed 26260K, reserved 1073152K
  class space    used 3288K, capacity 3380K, committed 3476K, reserved 1048576K
GC Heap History (8 events):
Event: 2.140 GC heap before
{Heap before GC invocations=0 (full 0):
 par new generation   total 306688K, used 54600K [0x0000000780000000, 0x0000000794cc0000, 0x0000000794cc0000)
  eden space 272640K,  20% used [0x0000000780000000, 0x00000007835520d8, 0x0000000790a40000)
  from space 34048K,   0% used [0x0000000790a40000, 0x0000000790a40000, 0x0000000792b80000)
  to   space 34048K,   0% used [0x0000000792b80000, 0x0000000792b80000, 0x0000000794cc0000)
 concurrent mark-sweep generation total 707840K, used 0K [0x0000000794cc0000, 0x00000007c0000000, 0x00000007c0000000)
 Metaspace       used 10073K, capacity 10186K, committed 10240K, reserved 1058816K
  class space    used 1197K, capacity 1235K, committed 1280K, reserved 1048576K
Event: 2.173 GC heap after
Heap after GC invocations=1 (full 1):
 par new generation   total 306688K, used 0K [0x0000000780000000, 0x0000000794cc0000, 0x0000000794cc0000)
  eden space 272640K,   0% used [0x0000000780000000, 0x0000000780000000, 0x0000000790a40000)
  from space 34048K,   0% used [0x0000000790a40000, 0x0000000790a40000, 0x0000000792b80000)
  to   space 34048K,   0% used [0x0000000792b80000, 0x0000000792b80000, 0x0000000794cc0000)
 concurrent mark-sweep generation total 707840K, used 5353K [0x0000000794cc0000, 0x00000007c0000000, 0x00000007c0000000)
 Metaspace       used 10073K, capacity 10186K, committed 10240K, reserved 1058816K
  class space    used 1197K, capacity 1235K, committed 1280K, reserved 1048576K
}
Event: 8.381 GC heap before
{Heap before GC invocations=1 (full 2):
 par new generation   total 306688K, used 272640K [0x0000000780000000, 0x0000000794cc0000, 0x0000000794cc0000)
  eden space 272640K, 100% used [0x0000000780000000, 0x0000000790a40000, 0x0000000790a40000)
  from space 34048K,   0% used [0x0000000790a40000, 0x0000000790a40000, 0x0000000792b80000)
  to   space 34048K,   0% used [0x0000000792b80000, 0x0000000792b80000, 0x0000000794cc0000)
 concurrent mark-sweep generation total 707840K, used 5353K [0x0000000794cc0000, 0x00000007c0000000, 0x00000007c0000000)
 Metaspace       used 19225K, capacity 19436K, committed 19840K, reserved 1067008K
  class space    used 2270K, capacity 2355K, committed 2432K, reserved 1048576K
Event: 8.436 GC heap after
Heap after GC invocations=2 (full 2):
 par new generation   total 306688K, used 34048K [0x0000000780000000, 0x0000000794cc0000, 0x0000000794cc0000)
  eden space 272640K,   0% used [0x0000000780000000, 0x0000000780000000, 0x0000000790a40000)
  from space 34048K, 100% used [0x0000000792b80000, 0x0000000794cc0000, 0x0000000794cc0000)
  to   space 34048K,   0% used [0x0000000790a40000, 0x0000000790a40000, 0x0000000792b80000)
 concurrent mark-sweep generation total 707840K, used 7038K [0x0000000794cc0000, 0x00000007c0000000, 0x00000007c0000000)
 Metaspace       used 19225K, capacity 19436K, committed 19840K, reserved 1067008K
  class space    used 2270K, capacity 2355K, committed 2432K, reserved 1048576K
}
Event: 9.851 GC heap before
{Heap before GC invocations=2 (full 2):
 par new generation   total 306688K, used 306688K [0x0000000780000000, 0x0000000794cc0000, 0x0000000794cc0000)
  eden space 272640K, 100% used [0x0000000780000000, 0x0000000790a40000, 0x0000000790a40000)
  from space 34048K, 100% used [0x0000000792b80000, 0x0000000794cc0000, 0x0000000794cc0000)
  to   space 34048K,   0% used [0x0000000790a40000, 0x0000000790a40000, 0x0000000792b80000)
 concurrent mark-sweep generation total 707840K, used 7038K [0x0000000794cc0000, 0x00000007c0000000, 0x00000007c0000000)
 Metaspace       used 21679K, capacity 21938K, committed 22216K, reserved 1069056K
  class space    used 2534K, capacity 2612K, committed 2684K, reserved 1048576K
Event: 10.128 GC heap after
Heap after GC invocations=3 (full 2):
 par new generation   total 306688K, used 32200K [0x0000000780000000, 0x0000000794cc0000, 0x0000000794cc0000)
  eden space 272640K,   0% used [0x0000000780000000, 0x0000000780000000, 0x0000000790a40000)
  from space 34048K,  94% used [0x0000000790a40000, 0x00000007929b22a8, 0x0000000792b80000)
  to   space 34048K,   0% used [0x0000000792b80000, 0x0000000792b80000, 0x0000000794cc0000)
 concurrent mark-sweep generation total 707840K, used 51385K [0x0000000794cc0000, 0x00000007c0000000, 0x00000007c0000000)
 Metaspace       used 21679K, capacity 21938K, committed 22216K, reserved 1069056K
  class space    used 2534K, capacity 2612K, committed 2684K, reserved 1048576K
}
Event: 11.318 GC heap before
{Heap before GC invocations=3 (full 2):
 par new generation   total 306688K, used 304840K [0x0000000780000000, 0x0000000794cc0000, 0x0000000794cc0000)
  eden space 272640K, 100% used [0x0000000780000000, 0x0000000790a40000, 0x0000000790a40000)
  from space 34048K,  94% used [0x0000000790a40000, 0x00000007929b22a8, 0x0000000792b80000)
  to   space 34048K,   0% used [0x0000000792b80000, 0x0000000792b80000, 0x0000000794cc0000)
 concurrent mark-sweep generation total 707840K, used 48534K [0x0000000794cc0000, 0x00000007c0000000, 0x00000007c0000000)
 Metaspace       used 23747K, capacity 24018K, committed 24340K, reserved 1071104K
  class space    used 2945K, capacity 3028K, committed 3092K, reserved 1048576K
Event: 11.336 GC heap after
Heap after GC invocations=4 (full 2):
 par new generation   total 306688K, used 16927K [0x0000000780000000, 0x0000000794cc0000, 0x0000000794cc0000)
  eden space 272640K,   0% used [0x0000000780000000, 0x0000000780000000, 0x0000000790a40000)
  from space 34048K,  49% used [0x0000000792b80000, 0x0000000793c07df8, 0x0000000794cc0000)
  to   space 34048K,   0% used [0x0000000790a40000, 0x0000000790a40000, 0x0000000792b80000)
 concurrent mark-sweep generation total 707840K, used 48534K [0x0000000794cc0000, 0x00000007c0000000, 0x00000007c0000000)
 Metaspace       used 23747K, capacity 24018K, committed 24340K, reserved 1071104K
  class space    used 2945K, capacity 3028K, committed 3092K, reserved 1048576K
}

